mode: atomic
github.com/rsmaxwell/players-api/main.go:57.82,65.2 4 9
github.com/rsmaxwell/players-api/main.go:67.60,68.75 1 6
github.com/rsmaxwell/players-api/main.go:68.75,74.3 4 0
github.com/rsmaxwell/players-api/main.go:78.73,81.28 2 2
github.com/rsmaxwell/players-api/main.go:81.28,86.3 4 1
github.com/rsmaxwell/players-api/main.go:88.2,89.16 2 1
github.com/rsmaxwell/players-api/main.go:89.16,93.3 3 0
github.com/rsmaxwell/players-api/main.go:95.2,102.4 4 1
github.com/rsmaxwell/players-api/main.go:106.71,110.2 3 0
github.com/rsmaxwell/players-api/main.go:113.78,116.28 2 2
github.com/rsmaxwell/players-api/main.go:116.28,121.3 4 1
github.com/rsmaxwell/players-api/main.go:123.2,124.16 2 1
github.com/rsmaxwell/players-api/main.go:124.16,128.3 3 0
github.com/rsmaxwell/players-api/main.go:130.2,135.4 3 1
github.com/rsmaxwell/players-api/main.go:139.96,142.28 2 2
github.com/rsmaxwell/players-api/main.go:142.28,147.3 4 1
github.com/rsmaxwell/players-api/main.go:149.2,150.16 2 1
github.com/rsmaxwell/players-api/main.go:150.16,154.3 3 0
github.com/rsmaxwell/players-api/main.go:156.2,158.16 2 1
github.com/rsmaxwell/players-api/main.go:158.16,162.3 3 0
github.com/rsmaxwell/players-api/main.go:164.2,169.4 3 1
github.com/rsmaxwell/players-api/main.go:173.76,176.28 2 2
github.com/rsmaxwell/players-api/main.go:176.28,181.3 4 1
github.com/rsmaxwell/players-api/main.go:183.2,187.16 4 1
github.com/rsmaxwell/players-api/main.go:187.16,191.3 3 0
github.com/rsmaxwell/players-api/main.go:193.2,194.16 2 1
github.com/rsmaxwell/players-api/main.go:194.16,198.3 3 0
github.com/rsmaxwell/players-api/main.go:200.2,201.16 2 1
github.com/rsmaxwell/players-api/main.go:201.16,205.3 3 0
github.com/rsmaxwell/players-api/main.go:207.2,209.47 2 1
github.com/rsmaxwell/players-api/main.go:213.92,216.28 2 2
github.com/rsmaxwell/players-api/main.go:216.28,221.3 4 1
github.com/rsmaxwell/players-api/main.go:224.2,225.16 2 1
github.com/rsmaxwell/players-api/main.go:225.16,230.3 4 0
github.com/rsmaxwell/players-api/main.go:232.2,236.47 3 1
github.com/rsmaxwell/players-api/main.go:240.73,243.28 2 2
github.com/rsmaxwell/players-api/main.go:243.28,248.3 4 1
github.com/rsmaxwell/players-api/main.go:250.2,258.4 3 1
github.com/rsmaxwell/players-api/main.go:262.35,266.50 1 12
github.com/rsmaxwell/players-api/main.go:266.50,268.4 1 2
github.com/rsmaxwell/players-api/main.go:271.2,272.50 1 12
github.com/rsmaxwell/players-api/main.go:272.50,274.4 1 2
github.com/rsmaxwell/players-api/main.go:276.2,277.50 1 12
github.com/rsmaxwell/players-api/main.go:277.50,279.4 1 0
github.com/rsmaxwell/players-api/main.go:282.2,283.50 1 12
github.com/rsmaxwell/players-api/main.go:283.50,285.4 1 2
github.com/rsmaxwell/players-api/main.go:288.2,289.50 1 12
github.com/rsmaxwell/players-api/main.go:289.50,291.4 1 2
github.com/rsmaxwell/players-api/main.go:294.2,295.50 1 12
github.com/rsmaxwell/players-api/main.go:295.50,297.4 1 2
github.com/rsmaxwell/players-api/main.go:300.2,301.50 1 12
github.com/rsmaxwell/players-api/main.go:301.50,303.4 1 2
github.com/rsmaxwell/players-api/main.go:306.2,307.50 1 12
github.com/rsmaxwell/players-api/main.go:307.50,310.4 2 0
github.com/rsmaxwell/players-api/main.go:314.34,316.19 1 14
github.com/rsmaxwell/players-api/main.go:316.19,319.3 2 7
github.com/rsmaxwell/players-api/main.go:319.3,319.26 1 7
github.com/rsmaxwell/players-api/main.go:319.26,322.3 2 0
github.com/rsmaxwell/players-api/main.go:324.2,325.13 2 7
github.com/rsmaxwell/players-api/main.go:328.13,334.9 4 0
github.com/rsmaxwell/players-api/main.go:334.9,336.3 1 0
github.com/rsmaxwell/players-api/main.go:338.2,339.9 2 0
github.com/rsmaxwell/players-api/main.go:339.9,341.3 1 0
github.com/rsmaxwell/players-api/main.go:343.2,344.9 2 0
github.com/rsmaxwell/players-api/main.go:344.9,346.3 1 0
github.com/rsmaxwell/players-api/main.go:347.2,348.16 2 0
github.com/rsmaxwell/players-api/main.go:348.16,350.3 1 0
github.com/rsmaxwell/players-api/main.go:352.2,359.16 7 0
github.com/rsmaxwell/players-api/main.go:359.16,361.3 1 0
github.com/rsmaxwell/players-api/main.go:363.2,363.33 1 0
github.com/rsmaxwell/players-api/players/people.go:34.23,36.31 2 1
github.com/rsmaxwell/players-api/players/people.go:36.31,38.3 1 0
github.com/rsmaxwell/players-api/players/people.go:38.3,38.36 1 1
github.com/rsmaxwell/players-api/players/people.go:38.36,40.3 1 0
github.com/rsmaxwell/players-api/players/people.go:41.2,41.23 1 1
github.com/rsmaxwell/players-api/players/people.go:44.13,48.34 2 1
github.com/rsmaxwell/players-api/players/people.go:48.34,50.3 1 0
github.com/rsmaxwell/players-api/players/people.go:50.3,52.3 1 1
github.com/rsmaxwell/players-api/players/people.go:54.2,58.65 4 1
github.com/rsmaxwell/players-api/players/people.go:61.39,63.16 2 13
github.com/rsmaxwell/players-api/players/people.go:63.16,65.3 1 0
github.com/rsmaxwell/players-api/players/people.go:66.2,68.16 3 13
github.com/rsmaxwell/players-api/players/people.go:68.16,70.3 1 0
github.com/rsmaxwell/players-api/players/people.go:71.2,71.29 1 13
github.com/rsmaxwell/players-api/players/people.go:71.29,73.17 2 25
github.com/rsmaxwell/players-api/players/people.go:73.17,75.4 1 0
github.com/rsmaxwell/players-api/players/people.go:77.2,77.12 1 13
github.com/rsmaxwell/players-api/players/people.go:81.36,84.16 2 78
github.com/rsmaxwell/players-api/players/people.go:84.16,86.17 2 13
github.com/rsmaxwell/players-api/players/people.go:86.17,88.4 1 0
github.com/rsmaxwell/players-api/players/people.go:91.2,92.16 2 78
github.com/rsmaxwell/players-api/players/people.go:92.16,94.17 2 13
github.com/rsmaxwell/players-api/players/people.go:94.17,96.4 1 0
github.com/rsmaxwell/players-api/players/people.go:99.2,99.12 1 78
github.com/rsmaxwell/players-api/players/people.go:103.36,107.16 3 14
github.com/rsmaxwell/players-api/players/people.go:107.16,109.17 2 13
github.com/rsmaxwell/players-api/players/people.go:109.17,111.4 1 0
github.com/rsmaxwell/players-api/players/people.go:113.3,113.29 1 13
github.com/rsmaxwell/players-api/players/people.go:116.2,116.12 1 14
github.com/rsmaxwell/players-api/players/people.go:120.44,123.59 2 33
github.com/rsmaxwell/players-api/players/people.go:123.59,126.17 2 10
github.com/rsmaxwell/players-api/players/people.go:126.17,128.4 1 0
github.com/rsmaxwell/players-api/players/people.go:130.3,132.17 3 10
github.com/rsmaxwell/players-api/players/people.go:132.17,134.4 1 0
github.com/rsmaxwell/players-api/players/people.go:136.3,137.17 2 10
github.com/rsmaxwell/players-api/players/people.go:137.17,139.4 1 0
github.com/rsmaxwell/players-api/players/people.go:142.2,143.16 2 33
github.com/rsmaxwell/players-api/players/people.go:143.16,145.3 1 1
github.com/rsmaxwell/players-api/players/people.go:147.2,149.16 3 32
github.com/rsmaxwell/players-api/players/people.go:149.16,151.3 1 2
github.com/rsmaxwell/players-api/players/people.go:153.2,153.16 1 30
github.com/rsmaxwell/players-api/players/people.go:157.46,161.16 2 22
github.com/rsmaxwell/players-api/players/people.go:161.16,163.3 1 0
github.com/rsmaxwell/players-api/players/people.go:166.2,167.16 2 21
github.com/rsmaxwell/players-api/players/people.go:167.16,169.3 1 0
github.com/rsmaxwell/players-api/players/people.go:171.2,173.16 3 21
github.com/rsmaxwell/players-api/players/people.go:173.16,175.3 1 0
github.com/rsmaxwell/players-api/players/people.go:177.2,182.16 4 21
github.com/rsmaxwell/players-api/players/people.go:182.16,184.3 1 0
github.com/rsmaxwell/players-api/players/people.go:186.2,187.16 2 21
github.com/rsmaxwell/players-api/players/people.go:187.16,189.3 1 0
github.com/rsmaxwell/players-api/players/people.go:191.2,191.23 1 21
github.com/rsmaxwell/players-api/players/people.go:195.46,199.2 3 10
github.com/rsmaxwell/players-api/players/people.go:202.37,205.16 2 10
github.com/rsmaxwell/players-api/players/people.go:205.16,208.3 2 0
github.com/rsmaxwell/players-api/players/people.go:210.2,211.16 2 10
github.com/rsmaxwell/players-api/players/people.go:211.16,214.3 2 0
github.com/rsmaxwell/players-api/players/people.go:216.2,217.16 2 10
github.com/rsmaxwell/players-api/players/people.go:217.16,220.3 2 0
github.com/rsmaxwell/players-api/players/people.go:222.2,223.16 2 10
github.com/rsmaxwell/players-api/players/people.go:223.16,225.3 1 0
github.com/rsmaxwell/players-api/players/people.go:227.2,229.16 3 10
github.com/rsmaxwell/players-api/players/people.go:229.16,232.3 2 0
github.com/rsmaxwell/players-api/players/people.go:234.2,234.12 1 10
github.com/rsmaxwell/players-api/players/people.go:238.28,241.16 2 8
github.com/rsmaxwell/players-api/players/people.go:241.16,244.3 2 0
github.com/rsmaxwell/players-api/players/people.go:246.2,247.16 2 8
github.com/rsmaxwell/players-api/players/people.go:247.16,250.3 2 0
github.com/rsmaxwell/players-api/players/people.go:252.2,253.37 2 8
github.com/rsmaxwell/players-api/players/people.go:253.37,260.17 5 14
github.com/rsmaxwell/players-api/players/people.go:260.17,262.4 1 2
github.com/rsmaxwell/players-api/players/people.go:264.3,264.26 1 14
github.com/rsmaxwell/players-api/players/people.go:267.2,267.18 1 8
github.com/rsmaxwell/players-api/players/people.go:271.39,274.16 2 27
github.com/rsmaxwell/players-api/players/people.go:274.16,277.3 2 0
github.com/rsmaxwell/players-api/players/people.go:279.2,280.55 2 27
github.com/rsmaxwell/players-api/players/people.go:280.55,283.3 2 1
github.com/rsmaxwell/players-api/players/people.go:285.2,286.16 2 26
github.com/rsmaxwell/players-api/players/people.go:286.16,289.3 2 0
github.com/rsmaxwell/players-api/players/people.go:291.2,293.16 3 26
github.com/rsmaxwell/players-api/players/people.go:293.16,296.3 2 1
github.com/rsmaxwell/players-api/players/people.go:297.2,297.16 1 25
github.com/rsmaxwell/players-api/players/people.go:301.27,304.16 2 6
github.com/rsmaxwell/players-api/players/people.go:304.16,307.3 2 0
github.com/rsmaxwell/players-api/players/people.go:309.2,311.16 3 6
github.com/rsmaxwell/players-api/players/people.go:311.16,314.3 2 1
github.com/rsmaxwell/players-api/players/people.go:316.2,317.16 2 5
github.com/rsmaxwell/players-api/players/people.go:317.16,320.3 2 0
github.com/rsmaxwell/players-api/players/people.go:322.2,322.12 1 5
github.com/rsmaxwell/players-api/players/people.go:326.35,329.16 2 5
github.com/rsmaxwell/players-api/players/people.go:329.16,331.3 1 0
github.com/rsmaxwell/players-api/players/people.go:333.2,334.16 2 5
github.com/rsmaxwell/players-api/players/people.go:334.16,336.3 1 0
github.com/rsmaxwell/players-api/players/people.go:338.2,339.16 2 5
github.com/rsmaxwell/players-api/players/people.go:339.16,341.3 1 0
github.com/rsmaxwell/players-api/players/people.go:343.2,343.32 1 5
github.com/rsmaxwell/players-api/players/people.go:343.32,345.17 2 4
github.com/rsmaxwell/players-api/players/people.go:345.17,347.4 1 0
github.com/rsmaxwell/players-api/players/people.go:349.3,350.17 2 4
github.com/rsmaxwell/players-api/players/people.go:350.17,352.4 1 0
github.com/rsmaxwell/players-api/players/people.go:355.2,355.12 1 5
