mode: set
github.com/rsmaxwell/players-api/person/person.go:31.13,34.2 2 1
github.com/rsmaxwell/players-api/person/person.go:37.24,40.16 2 1
github.com/rsmaxwell/players-api/person/person.go:47.2,47.12 1 1
github.com/rsmaxwell/players-api/person/person.go:40.16,42.17 2 1
github.com/rsmaxwell/players-api/person/person.go:42.17,44.4 1 0
github.com/rsmaxwell/players-api/person/person.go:51.20,54.16 2 1
github.com/rsmaxwell/players-api/person/person.go:58.2,59.16 2 1
github.com/rsmaxwell/players-api/person/person.go:63.2,63.12 1 1
github.com/rsmaxwell/players-api/person/person.go:54.16,56.3 1 0
github.com/rsmaxwell/players-api/person/person.go:59.16,61.3 1 0
github.com/rsmaxwell/players-api/person/person.go:67.46,70.16 2 1
github.com/rsmaxwell/players-api/person/person.go:74.2,75.22 2 1
github.com/rsmaxwell/players-api/person/person.go:70.16,72.3 1 0
github.com/rsmaxwell/players-api/person/person.go:79.25,82.16 2 1
github.com/rsmaxwell/players-api/person/person.go:89.2,89.12 1 1
github.com/rsmaxwell/players-api/person/person.go:82.16,84.17 2 0
github.com/rsmaxwell/players-api/person/person.go:84.17,86.4 1 0
github.com/rsmaxwell/players-api/person/person.go:93.103,102.2 8 1
github.com/rsmaxwell/players-api/person/person.go:105.99,110.16 3 0
github.com/rsmaxwell/players-api/person/person.go:114.2,114.39 1 0
github.com/rsmaxwell/players-api/person/person.go:122.2,122.38 1 0
github.com/rsmaxwell/players-api/person/person.go:130.2,130.36 1 0
github.com/rsmaxwell/players-api/person/person.go:138.2,138.36 1 0
github.com/rsmaxwell/players-api/person/person.go:159.2,160.16 2 0
github.com/rsmaxwell/players-api/person/person.go:164.2,164.20 1 0
github.com/rsmaxwell/players-api/person/person.go:110.16,112.3 1 0
github.com/rsmaxwell/players-api/person/person.go:114.39,116.10 2 0
github.com/rsmaxwell/players-api/person/person.go:119.3,119.27 1 0
github.com/rsmaxwell/players-api/person/person.go:116.10,118.4 1 0
github.com/rsmaxwell/players-api/person/person.go:122.38,124.10 2 0
github.com/rsmaxwell/players-api/person/person.go:127.3,127.26 1 0
github.com/rsmaxwell/players-api/person/person.go:124.10,126.4 1 0
github.com/rsmaxwell/players-api/person/person.go:130.36,132.10 2 0
github.com/rsmaxwell/players-api/person/person.go:135.3,135.24 1 0
github.com/rsmaxwell/players-api/person/person.go:132.10,134.4 1 0
github.com/rsmaxwell/players-api/person/person.go:138.36,142.17 2 0
github.com/rsmaxwell/players-api/person/person.go:147.3,147.31 1 0
github.com/rsmaxwell/players-api/person/person.go:151.3,152.10 2 0
github.com/rsmaxwell/players-api/person/person.go:155.3,155.24 1 0
github.com/rsmaxwell/players-api/person/person.go:142.17,144.4 1 0
github.com/rsmaxwell/players-api/person/person.go:147.31,149.4 1 0
github.com/rsmaxwell/players-api/person/person.go:152.10,154.4 1 0
github.com/rsmaxwell/players-api/person/person.go:160.16,162.3 1 0
github.com/rsmaxwell/players-api/person/person.go:168.46,172.16 2 0
github.com/rsmaxwell/players-api/person/person.go:175.2,175.21 1 0
github.com/rsmaxwell/players-api/person/person.go:180.2,181.11 2 0
github.com/rsmaxwell/players-api/person/person.go:186.2,187.16 2 0
github.com/rsmaxwell/players-api/person/person.go:191.2,191.12 1 0
github.com/rsmaxwell/players-api/person/person.go:172.16,174.3 1 0
github.com/rsmaxwell/players-api/person/person.go:175.21,177.3 1 0
github.com/rsmaxwell/players-api/person/person.go:181.11,183.3 1 0
github.com/rsmaxwell/players-api/person/person.go:187.16,189.3 1 0
github.com/rsmaxwell/players-api/person/person.go:195.44,198.16 2 1
github.com/rsmaxwell/players-api/person/person.go:202.2,203.16 2 1
github.com/rsmaxwell/players-api/person/person.go:207.2,208.16 2 1
github.com/rsmaxwell/players-api/person/person.go:212.2,212.12 1 1
github.com/rsmaxwell/players-api/person/person.go:198.16,200.3 1 0
github.com/rsmaxwell/players-api/person/person.go:203.16,205.3 1 0
github.com/rsmaxwell/players-api/person/person.go:208.16,210.3 1 0
github.com/rsmaxwell/players-api/person/person.go:216.31,219.16 2 1
github.com/rsmaxwell/players-api/person/person.go:223.2,224.37 2 1
github.com/rsmaxwell/players-api/person/person.go:230.2,230.18 1 1
github.com/rsmaxwell/players-api/person/person.go:219.16,221.3 1 0
github.com/rsmaxwell/players-api/person/person.go:224.37,228.3 3 1
github.com/rsmaxwell/players-api/person/person.go:234.29,237.16 2 0
github.com/rsmaxwell/players-api/person/person.go:241.2,242.16 2 0
github.com/rsmaxwell/players-api/person/person.go:246.2,246.13 1 0
github.com/rsmaxwell/players-api/person/person.go:237.16,239.3 1 0
github.com/rsmaxwell/players-api/person/person.go:242.16,244.3 1 0
github.com/rsmaxwell/players-api/person/person.go:250.31,253.16 2 0
github.com/rsmaxwell/players-api/person/person.go:256.2,256.19 1 0
github.com/rsmaxwell/players-api/person/person.go:260.2,260.22 1 0
github.com/rsmaxwell/players-api/person/person.go:253.16,255.3 1 0
github.com/rsmaxwell/players-api/person/person.go:256.19,258.3 1 0
github.com/rsmaxwell/players-api/person/person.go:264.39,267.16 2 1
github.com/rsmaxwell/players-api/person/person.go:271.2,272.16 2 1
github.com/rsmaxwell/players-api/person/person.go:279.2,281.16 3 1
github.com/rsmaxwell/players-api/person/person.go:284.2,284.16 1 1
github.com/rsmaxwell/players-api/person/person.go:267.16,269.3 1 0
github.com/rsmaxwell/players-api/person/person.go:272.16,273.25 1 1
github.com/rsmaxwell/players-api/person/person.go:276.3,276.60 1 0
github.com/rsmaxwell/players-api/person/person.go:273.25,275.4 1 1
github.com/rsmaxwell/players-api/person/person.go:281.16,283.3 1 1
github.com/rsmaxwell/players-api/person/person.go:288.30,291.16 2 1
github.com/rsmaxwell/players-api/person/person.go:295.2,297.16 2 1
github.com/rsmaxwell/players-api/person/person.go:308.2,308.54 1 0
github.com/rsmaxwell/players-api/person/person.go:291.16,293.3 1 0
github.com/rsmaxwell/players-api/person/person.go:297.16,299.17 2 1
github.com/rsmaxwell/players-api/person/person.go:302.3,302.13 1 1
github.com/rsmaxwell/players-api/person/person.go:299.17,301.4 1 0
github.com/rsmaxwell/players-api/person/person.go:304.8,304.31 1 1
github.com/rsmaxwell/players-api/person/person.go:304.31,306.3 1 1
github.com/rsmaxwell/players-api/person/person.go:312.26,315.16 2 0
github.com/rsmaxwell/players-api/person/person.go:319.2,319.24 1 0
github.com/rsmaxwell/players-api/person/person.go:315.16,317.3 1 0
github.com/rsmaxwell/players-api/common/common.go:18.23,20.31 2 1
github.com/rsmaxwell/players-api/common/common.go:25.2,25.23 1 1
github.com/rsmaxwell/players-api/common/common.go:20.31,22.3 1 1
github.com/rsmaxwell/players-api/common/common.go:22.8,22.36 1 0
github.com/rsmaxwell/players-api/common/common.go:22.36,24.3 1 0
github.com/rsmaxwell/players-api/common/common.go:28.13,32.34 2 1
github.com/rsmaxwell/players-api/common/common.go:32.34,34.3 1 1
github.com/rsmaxwell/players-api/common/common.go:34.8,36.3 1 0
github.com/rsmaxwell/players-api/common/common.go:40.39,42.16 2 0
github.com/rsmaxwell/players-api/common/common.go:45.2,47.16 3 0
github.com/rsmaxwell/players-api/common/common.go:50.2,50.29 1 0
github.com/rsmaxwell/players-api/common/common.go:56.2,56.12 1 0
github.com/rsmaxwell/players-api/common/common.go:42.16,44.3 1 0
github.com/rsmaxwell/players-api/common/common.go:47.16,49.3 1 0
github.com/rsmaxwell/players-api/common/common.go:50.29,52.17 2 0
github.com/rsmaxwell/players-api/common/common.go:52.17,54.4 1 0
github.com/rsmaxwell/players-api/common/common.go:60.42,61.22 1 0
github.com/rsmaxwell/players-api/common/common.go:74.2,74.12 1 0
github.com/rsmaxwell/players-api/common/common.go:61.22,64.26 2 0
github.com/rsmaxwell/players-api/common/common.go:70.3,70.10 1 0
github.com/rsmaxwell/players-api/common/common.go:64.26,66.4 1 0
github.com/rsmaxwell/players-api/common/common.go:66.9,66.32 1 0
github.com/rsmaxwell/players-api/common/common.go:66.32,68.4 1 0
github.com/rsmaxwell/players-api/common/common.go:70.10,72.4 1 0
github.com/rsmaxwell/players-api/queue/queue.go:23.13,25.2 1 1
github.com/rsmaxwell/players-api/queue/queue.go:28.20,31.16 2 1
github.com/rsmaxwell/players-api/queue/queue.go:35.2,36.16 2 1
github.com/rsmaxwell/players-api/queue/queue.go:43.2,44.16 2 1
github.com/rsmaxwell/players-api/queue/queue.go:48.2,48.12 1 1
github.com/rsmaxwell/players-api/queue/queue.go:31.16,33.3 1 0
github.com/rsmaxwell/players-api/queue/queue.go:36.16,38.17 2 1
github.com/rsmaxwell/players-api/queue/queue.go:38.17,40.4 1 0
github.com/rsmaxwell/players-api/queue/queue.go:44.16,46.3 1 0
github.com/rsmaxwell/players-api/queue/queue.go:52.37,55.2 2 1
github.com/rsmaxwell/players-api/queue/queue.go:58.25,61.16 2 1
github.com/rsmaxwell/players-api/queue/queue.go:68.2,69.16 2 1
github.com/rsmaxwell/players-api/queue/queue.go:73.2,74.16 2 1
github.com/rsmaxwell/players-api/queue/queue.go:82.2,82.12 1 1
github.com/rsmaxwell/players-api/queue/queue.go:61.16,63.17 2 0
github.com/rsmaxwell/players-api/queue/queue.go:63.17,65.4 1 0
github.com/rsmaxwell/players-api/queue/queue.go:69.16,71.3 1 0
github.com/rsmaxwell/players-api/queue/queue.go:74.16,75.25 1 1
github.com/rsmaxwell/players-api/queue/queue.go:75.25,77.4 1 1
github.com/rsmaxwell/players-api/queue/queue.go:77.9,79.4 1 0
github.com/rsmaxwell/players-api/queue/queue.go:86.30,91.2 4 1
github.com/rsmaxwell/players-api/queue/queue.go:94.71,97.16 2 0
github.com/rsmaxwell/players-api/queue/queue.go:101.2,101.38 1 0
github.com/rsmaxwell/players-api/queue/queue.go:113.2,114.16 2 0
github.com/rsmaxwell/players-api/queue/queue.go:118.2,118.19 1 0
github.com/rsmaxwell/players-api/queue/queue.go:97.16,99.3 1 0
github.com/rsmaxwell/players-api/queue/queue.go:101.38,102.55 1 0
github.com/rsmaxwell/players-api/queue/queue.go:102.55,104.18 2 0
github.com/rsmaxwell/players-api/queue/queue.go:104.18,106.5 1 0
github.com/rsmaxwell/players-api/queue/queue.go:107.9,109.4 1 0
github.com/rsmaxwell/players-api/queue/queue.go:114.16,116.3 1 0
github.com/rsmaxwell/players-api/queue/queue.go:122.31,125.16 2 1
github.com/rsmaxwell/players-api/queue/queue.go:129.2,130.16 2 1
github.com/rsmaxwell/players-api/queue/queue.go:134.2,135.16 2 1
github.com/rsmaxwell/players-api/queue/queue.go:139.2,139.12 1 1
github.com/rsmaxwell/players-api/queue/queue.go:125.16,127.3 1 0
github.com/rsmaxwell/players-api/queue/queue.go:130.16,132.3 1 0
github.com/rsmaxwell/players-api/queue/queue.go:135.16,137.3 1 0
github.com/rsmaxwell/players-api/queue/queue.go:143.29,146.16 2 0
github.com/rsmaxwell/players-api/queue/queue.go:150.2,151.16 2 0
github.com/rsmaxwell/players-api/queue/queue.go:155.2,155.13 1 0
github.com/rsmaxwell/players-api/queue/queue.go:146.16,148.3 1 0
github.com/rsmaxwell/players-api/queue/queue.go:151.16,153.3 1 0
github.com/rsmaxwell/players-api/queue/queue.go:159.29,162.16 2 1
github.com/rsmaxwell/players-api/queue/queue.go:166.2,167.16 2 1
github.com/rsmaxwell/players-api/queue/queue.go:174.2,176.16 3 1
github.com/rsmaxwell/players-api/queue/queue.go:179.2,179.16 1 0
github.com/rsmaxwell/players-api/queue/queue.go:162.16,164.3 1 0
github.com/rsmaxwell/players-api/queue/queue.go:167.16,168.25 1 0
github.com/rsmaxwell/players-api/queue/queue.go:171.3,171.60 1 0
github.com/rsmaxwell/players-api/queue/queue.go:168.25,170.4 1 0
github.com/rsmaxwell/players-api/queue/queue.go:176.16,178.3 1 1
github.com/rsmaxwell/players-api/main.go:18.13,24.9 4 0
github.com/rsmaxwell/players-api/main.go:27.2,28.16 2 0
github.com/rsmaxwell/players-api/main.go:32.2,38.16 6 0
github.com/rsmaxwell/players-api/main.go:42.2,42.23 1 0
github.com/rsmaxwell/players-api/main.go:24.9,26.3 1 0
github.com/rsmaxwell/players-api/main.go:28.16,30.3 1 0
github.com/rsmaxwell/players-api/main.go:38.16,40.3 1 0
github.com/rsmaxwell/players-api/court/court.go:34.13,38.2 3 1
github.com/rsmaxwell/players-api/court/court.go:41.24,44.16 2 1
github.com/rsmaxwell/players-api/court/court.go:51.2,51.12 1 1
github.com/rsmaxwell/players-api/court/court.go:44.16,46.17 2 1
github.com/rsmaxwell/players-api/court/court.go:46.17,48.4 1 0
github.com/rsmaxwell/players-api/court/court.go:55.20,58.16 2 1
github.com/rsmaxwell/players-api/court/court.go:62.2,63.16 2 1
github.com/rsmaxwell/players-api/court/court.go:70.2,71.16 2 1
github.com/rsmaxwell/players-api/court/court.go:75.2,75.12 1 1
github.com/rsmaxwell/players-api/court/court.go:58.16,60.3 1 0
github.com/rsmaxwell/players-api/court/court.go:63.16,65.17 2 1
github.com/rsmaxwell/players-api/court/court.go:65.17,67.4 1 0
github.com/rsmaxwell/players-api/court/court.go:71.16,73.3 1 0
github.com/rsmaxwell/players-api/court/court.go:79.46,82.16 2 1
github.com/rsmaxwell/players-api/court/court.go:86.2,87.22 2 1
github.com/rsmaxwell/players-api/court/court.go:82.16,84.3 1 0
github.com/rsmaxwell/players-api/court/court.go:91.25,94.16 2 1
github.com/rsmaxwell/players-api/court/court.go:101.2,102.16 2 1
github.com/rsmaxwell/players-api/court/court.go:106.2,106.12 1 1
github.com/rsmaxwell/players-api/court/court.go:94.16,96.17 2 0
github.com/rsmaxwell/players-api/court/court.go:96.17,98.4 1 0
github.com/rsmaxwell/players-api/court/court.go:102.16,104.3 1 0
github.com/rsmaxwell/players-api/court/court.go:110.30,115.2 4 1
github.com/rsmaxwell/players-api/court/court.go:118.71,121.16 2 0
github.com/rsmaxwell/players-api/court/court.go:125.2,125.38 1 0
github.com/rsmaxwell/players-api/court/court.go:137.2,138.16 2 0
github.com/rsmaxwell/players-api/court/court.go:142.2,142.19 1 0
github.com/rsmaxwell/players-api/court/court.go:121.16,123.3 1 0
github.com/rsmaxwell/players-api/court/court.go:125.38,126.55 1 0
github.com/rsmaxwell/players-api/court/court.go:126.55,128.18 2 0
github.com/rsmaxwell/players-api/court/court.go:128.18,130.5 1 0
github.com/rsmaxwell/players-api/court/court.go:131.9,133.4 1 0
github.com/rsmaxwell/players-api/court/court.go:138.16,140.3 1 0
github.com/rsmaxwell/players-api/court/court.go:146.43,149.16 2 1
github.com/rsmaxwell/players-api/court/court.go:153.2,155.16 3 1
github.com/rsmaxwell/players-api/court/court.go:159.2,159.16 1 1
github.com/rsmaxwell/players-api/court/court.go:149.16,151.3 1 1
github.com/rsmaxwell/players-api/court/court.go:155.16,157.3 1 0
github.com/rsmaxwell/players-api/court/court.go:163.42,166.16 2 1
github.com/rsmaxwell/players-api/court/court.go:170.2,171.16 2 1
github.com/rsmaxwell/players-api/court/court.go:175.2,176.16 2 1
github.com/rsmaxwell/players-api/court/court.go:180.2,180.12 1 1
github.com/rsmaxwell/players-api/court/court.go:166.16,168.3 1 0
github.com/rsmaxwell/players-api/court/court.go:171.16,173.3 1 0
github.com/rsmaxwell/players-api/court/court.go:176.16,178.3 1 0
github.com/rsmaxwell/players-api/court/court.go:184.31,187.16 2 1
github.com/rsmaxwell/players-api/court/court.go:191.2,192.37 2 1
github.com/rsmaxwell/players-api/court/court.go:198.2,198.18 1 1
github.com/rsmaxwell/players-api/court/court.go:187.16,189.3 1 0
github.com/rsmaxwell/players-api/court/court.go:192.37,196.3 3 1
github.com/rsmaxwell/players-api/court/court.go:202.29,205.16 2 0
github.com/rsmaxwell/players-api/court/court.go:209.2,210.16 2 0
github.com/rsmaxwell/players-api/court/court.go:214.2,214.13 1 0
github.com/rsmaxwell/players-api/court/court.go:205.16,207.3 1 0
github.com/rsmaxwell/players-api/court/court.go:210.16,212.3 1 0
github.com/rsmaxwell/players-api/court/court.go:218.38,221.16 2 1
github.com/rsmaxwell/players-api/court/court.go:225.2,226.16 2 1
github.com/rsmaxwell/players-api/court/court.go:233.2,235.16 3 1
github.com/rsmaxwell/players-api/court/court.go:238.2,238.16 1 1
github.com/rsmaxwell/players-api/court/court.go:221.16,223.3 1 0
github.com/rsmaxwell/players-api/court/court.go:226.16,227.25 1 0
github.com/rsmaxwell/players-api/court/court.go:230.3,230.60 1 0
github.com/rsmaxwell/players-api/court/court.go:227.25,229.4 1 0
github.com/rsmaxwell/players-api/court/court.go:235.16,237.3 1 1
github.com/rsmaxwell/players-api/court/court.go:242.30,245.16 2 1
github.com/rsmaxwell/players-api/court/court.go:249.2,251.16 2 1
github.com/rsmaxwell/players-api/court/court.go:262.2,262.54 1 0
github.com/rsmaxwell/players-api/court/court.go:245.16,247.3 1 0
github.com/rsmaxwell/players-api/court/court.go:251.16,253.17 2 1
github.com/rsmaxwell/players-api/court/court.go:256.3,256.13 1 1
github.com/rsmaxwell/players-api/court/court.go:253.17,255.4 1 0
github.com/rsmaxwell/players-api/court/court.go:258.8,258.31 1 1
github.com/rsmaxwell/players-api/court/court.go:258.31,260.3 1 1
github.com/rsmaxwell/players-api/court/court.go:266.31,268.53 1 1
github.com/rsmaxwell/players-api/court/court.go:285.2,286.16 2 1
github.com/rsmaxwell/players-api/court/court.go:290.2,292.16 3 1
github.com/rsmaxwell/players-api/court/court.go:296.2,296.16 1 1
github.com/rsmaxwell/players-api/court/court.go:268.53,275.17 5 1
github.com/rsmaxwell/players-api/court/court.go:279.3,280.17 2 1
github.com/rsmaxwell/players-api/court/court.go:275.17,277.4 1 0
github.com/rsmaxwell/players-api/court/court.go:280.17,282.4 1 0
github.com/rsmaxwell/players-api/court/court.go:286.16,288.3 1 0
github.com/rsmaxwell/players-api/court/court.go:292.16,294.3 1 1
github.com/rsmaxwell/players-api/court/court.go:300.29,303.16 2 1
github.com/rsmaxwell/players-api/court/court.go:307.2,308.16 2 1
github.com/rsmaxwell/players-api/court/court.go:312.2,312.12 1 1
github.com/rsmaxwell/players-api/court/court.go:303.16,305.3 1 0
github.com/rsmaxwell/players-api/court/court.go:308.16,310.3 1 1
github.com/rsmaxwell/players-api/court/court.go:316.51,319.16 2 1
github.com/rsmaxwell/players-api/court/court.go:323.2,327.16 4 1
github.com/rsmaxwell/players-api/court/court.go:331.2,331.16 1 1
github.com/rsmaxwell/players-api/court/court.go:319.16,321.3 1 1
github.com/rsmaxwell/players-api/court/court.go:327.16,329.3 1 1
github.com/rsmaxwell/players-api/court/court.go:335.26,338.16 2 0
github.com/rsmaxwell/players-api/court/court.go:342.2,342.24 1 0
github.com/rsmaxwell/players-api/court/court.go:338.16,340.3 1 0
github.com/rsmaxwell/players-api/httphandler/mytesting.go:39.50,42.2 2 1
github.com/rsmaxwell/players-api/httphandler/mytesting.go:44.93,55.2 5 1
github.com/rsmaxwell/players-api/httphandler/mytesting.go:57.91,68.2 5 1
github.com/rsmaxwell/players-api/httphandler/mytesting.go:70.51,78.2 4 1
github.com/rsmaxwell/players-api/httphandler/mytesting.go:80.43,96.2 13 1
github.com/rsmaxwell/players-api/httphandler/mytesting.go:98.54,104.2 3 1
github.com/rsmaxwell/players-api/httphandler/mytesting.go:106.42,112.2 3 1
github.com/rsmaxwell/players-api/httphandler/mytesting.go:115.50,120.28 4 1
github.com/rsmaxwell/players-api/httphandler/mytesting.go:120.28,124.3 3 1
github.com/rsmaxwell/players-api/httphandler/mytesting.go:128.48,140.28 8 1
github.com/rsmaxwell/players-api/httphandler/mytesting.go:140.28,144.3 3 1
github.com/rsmaxwell/players-api/httphandler/mytesting.go:148.53,162.28 9 1
github.com/rsmaxwell/players-api/httphandler/mytesting.go:162.28,166.3 3 1
github.com/rsmaxwell/players-api/httphandler/mytesting.go:170.49,184.28 9 1
github.com/rsmaxwell/players-api/httphandler/mytesting.go:184.28,188.3 3 1
github.com/rsmaxwell/players-api/httphandler/updateCourt.go:20.72,24.16 3 1
github.com/rsmaxwell/players-api/httphandler/updateCourt.go:30.2,32.16 3 1
github.com/rsmaxwell/players-api/httphandler/updateCourt.go:38.2,39.20 2 1
github.com/rsmaxwell/players-api/httphandler/updateCourt.go:45.2,46.16 2 1
github.com/rsmaxwell/players-api/httphandler/updateCourt.go:51.2,52.40 2 1
github.com/rsmaxwell/players-api/httphandler/updateCourt.go:24.16,28.3 3 0
github.com/rsmaxwell/players-api/httphandler/updateCourt.go:32.16,36.3 3 0
github.com/rsmaxwell/players-api/httphandler/updateCourt.go:39.20,43.3 3 1
github.com/rsmaxwell/players-api/httphandler/updateCourt.go:46.16,49.3 2 1
github.com/rsmaxwell/players-api/httphandler/getLogin.go:18.55,22.28 2 1
github.com/rsmaxwell/players-api/httphandler/getLogin.go:29.2,30.16 2 1
github.com/rsmaxwell/players-api/httphandler/getLogin.go:36.2,40.4 3 1
github.com/rsmaxwell/players-api/httphandler/getLogin.go:22.28,27.3 4 1
github.com/rsmaxwell/players-api/httphandler/getLogin.go:30.16,34.3 3 0
github.com/rsmaxwell/players-api/httphandler/getLogin.go:44.42,47.16 2 1
github.com/rsmaxwell/players-api/httphandler/getLogin.go:50.2,50.19 1 1
github.com/rsmaxwell/players-api/httphandler/getLogin.go:54.2,55.16 2 1
github.com/rsmaxwell/players-api/httphandler/getLogin.go:59.2,59.13 1 1
github.com/rsmaxwell/players-api/httphandler/getLogin.go:47.16,49.3 1 1
github.com/rsmaxwell/players-api/httphandler/getLogin.go:50.19,52.3 1 0
github.com/rsmaxwell/players-api/httphandler/getLogin.go:55.16,57.3 1 0
github.com/rsmaxwell/players-api/httphandler/httpUtils.go:28.75,36.2 3 1
github.com/rsmaxwell/players-api/httphandler/httpUtils.go:38.60,41.18 2 1
github.com/rsmaxwell/players-api/httphandler/httpUtils.go:45.2,49.117 4 1
github.com/rsmaxwell/players-api/httphandler/httpUtils.go:41.18,43.3 1 1
github.com/rsmaxwell/players-api/httphandler/httpUtils.go:53.73,54.16 1 1
github.com/rsmaxwell/players-api/httphandler/httpUtils.go:54.16,56.49 2 1
github.com/rsmaxwell/players-api/httphandler/httpUtils.go:62.3,64.9 3 0
github.com/rsmaxwell/players-api/httphandler/httpUtils.go:56.49,60.4 3 1
github.com/rsmaxwell/players-api/httphandler/httpUtils.go:69.84,72.35 2 1
github.com/rsmaxwell/players-api/httphandler/httpUtils.go:87.2,87.15 1 1
github.com/rsmaxwell/players-api/httphandler/httpUtils.go:72.35,75.31 2 1
github.com/rsmaxwell/players-api/httphandler/httpUtils.go:82.3,82.13 1 1
github.com/rsmaxwell/players-api/httphandler/httpUtils.go:75.31,76.17 1 0
github.com/rsmaxwell/players-api/httphandler/httpUtils.go:76.17,78.10 2 0
github.com/rsmaxwell/players-api/httphandler/httpUtils.go:82.13,84.4 1 1
github.com/rsmaxwell/players-api/httphandler/httpUtils.go:91.22,95.16 2 1
github.com/rsmaxwell/players-api/httphandler/httpUtils.go:99.2,100.34 2 1
github.com/rsmaxwell/players-api/httphandler/httpUtils.go:111.2,112.16 2 1
github.com/rsmaxwell/players-api/httphandler/httpUtils.go:115.2,115.34 1 1
github.com/rsmaxwell/players-api/httphandler/httpUtils.go:129.2,130.16 2 1
github.com/rsmaxwell/players-api/httphandler/httpUtils.go:134.2,135.16 2 1
github.com/rsmaxwell/players-api/httphandler/httpUtils.go:140.2,140.35 1 1
github.com/rsmaxwell/players-api/httphandler/httpUtils.go:145.2,146.16 2 1
github.com/rsmaxwell/players-api/httphandler/httpUtils.go:150.2,150.12 1 1
github.com/rsmaxwell/players-api/httphandler/httpUtils.go:95.16,97.3 1 0
github.com/rsmaxwell/players-api/httphandler/httpUtils.go:100.34,102.17 2 1
github.com/rsmaxwell/players-api/httphandler/httpUtils.go:105.3,105.15 1 1
github.com/rsmaxwell/players-api/httphandler/httpUtils.go:102.17,104.4 1 0
github.com/rsmaxwell/players-api/httphandler/httpUtils.go:105.15,107.4 1 1
github.com/rsmaxwell/players-api/httphandler/httpUtils.go:112.16,114.3 1 0
github.com/rsmaxwell/players-api/httphandler/httpUtils.go:115.34,117.17 2 1
github.com/rsmaxwell/players-api/httphandler/httpUtils.go:121.3,123.17 3 1
github.com/rsmaxwell/players-api/httphandler/httpUtils.go:117.17,119.4 1 0
github.com/rsmaxwell/players-api/httphandler/httpUtils.go:123.17,125.4 1 0
github.com/rsmaxwell/players-api/httphandler/httpUtils.go:130.16,132.3 1 0
github.com/rsmaxwell/players-api/httphandler/httpUtils.go:135.16,137.3 1 0
github.com/rsmaxwell/players-api/httphandler/httpUtils.go:140.35,142.3 1 1
github.com/rsmaxwell/players-api/httphandler/httpUtils.go:146.16,148.3 1 0
github.com/rsmaxwell/players-api/httphandler/httpUtils.go:154.35,157.50 1 1
github.com/rsmaxwell/players-api/httphandler/httpUtils.go:161.2,162.50 1 1
github.com/rsmaxwell/players-api/httphandler/httpUtils.go:166.2,167.50 1 1
github.com/rsmaxwell/players-api/httphandler/httpUtils.go:171.2,172.50 1 1
github.com/rsmaxwell/players-api/httphandler/httpUtils.go:176.2,177.50 1 1
github.com/rsmaxwell/players-api/httphandler/httpUtils.go:181.2,182.50 1 1
github.com/rsmaxwell/players-api/httphandler/httpUtils.go:186.2,187.50 1 1
github.com/rsmaxwell/players-api/httphandler/httpUtils.go:191.2,192.50 1 1
github.com/rsmaxwell/players-api/httphandler/httpUtils.go:196.2,197.50 1 1
github.com/rsmaxwell/players-api/httphandler/httpUtils.go:201.2,202.50 1 1
github.com/rsmaxwell/players-api/httphandler/httpUtils.go:206.2,207.50 1 1
github.com/rsmaxwell/players-api/httphandler/httpUtils.go:211.2,212.50 1 1
github.com/rsmaxwell/players-api/httphandler/httpUtils.go:216.2,217.50 1 1
github.com/rsmaxwell/players-api/httphandler/httpUtils.go:221.2,222.50 1 1
github.com/rsmaxwell/players-api/httphandler/httpUtils.go:226.2,227.50 1 1
github.com/rsmaxwell/players-api/httphandler/httpUtils.go:231.2,232.50 1 1
github.com/rsmaxwell/players-api/httphandler/httpUtils.go:157.50,159.4 1 1
github.com/rsmaxwell/players-api/httphandler/httpUtils.go:162.50,164.4 1 1
github.com/rsmaxwell/players-api/httphandler/httpUtils.go:167.50,169.4 1 1
github.com/rsmaxwell/players-api/httphandler/httpUtils.go:172.50,174.4 1 1
github.com/rsmaxwell/players-api/httphandler/httpUtils.go:177.50,179.4 1 1
github.com/rsmaxwell/players-api/httphandler/httpUtils.go:182.50,184.4 1 1
github.com/rsmaxwell/players-api/httphandler/httpUtils.go:187.50,189.4 1 1
github.com/rsmaxwell/players-api/httphandler/httpUtils.go:192.50,194.4 1 1
github.com/rsmaxwell/players-api/httphandler/httpUtils.go:197.50,199.4 1 1
github.com/rsmaxwell/players-api/httphandler/httpUtils.go:202.50,204.4 1 0
github.com/rsmaxwell/players-api/httphandler/httpUtils.go:207.50,209.4 1 1
github.com/rsmaxwell/players-api/httphandler/httpUtils.go:212.50,214.4 1 1
github.com/rsmaxwell/players-api/httphandler/httpUtils.go:217.50,219.4 1 1
github.com/rsmaxwell/players-api/httphandler/httpUtils.go:222.50,224.4 1 0
github.com/rsmaxwell/players-api/httphandler/httpUtils.go:227.50,229.4 1 0
github.com/rsmaxwell/players-api/httphandler/httpUtils.go:232.50,234.4 1 1
github.com/rsmaxwell/players-api/httphandler/listPeople.go:24.60,28.16 3 1
github.com/rsmaxwell/players-api/httphandler/listPeople.go:34.2,36.16 3 1
github.com/rsmaxwell/players-api/httphandler/listPeople.go:42.2,43.20 2 1
github.com/rsmaxwell/players-api/httphandler/listPeople.go:49.2,50.16 2 1
github.com/rsmaxwell/players-api/httphandler/listPeople.go:55.2,59.4 3 1
github.com/rsmaxwell/players-api/httphandler/listPeople.go:28.16,32.3 3 0
github.com/rsmaxwell/players-api/httphandler/listPeople.go:36.16,40.3 3 0
github.com/rsmaxwell/players-api/httphandler/listPeople.go:43.20,47.3 3 1
github.com/rsmaxwell/players-api/httphandler/listPeople.go:50.16,53.3 2 0
github.com/rsmaxwell/players-api/httphandler/postMove.go:27.58,31.16 3 0
github.com/rsmaxwell/players-api/httphandler/postMove.go:37.2,39.16 3 0
github.com/rsmaxwell/players-api/httphandler/postMove.go:45.2,46.20 2 0
github.com/rsmaxwell/players-api/httphandler/postMove.go:52.2,53.16 2 0
github.com/rsmaxwell/players-api/httphandler/postMove.go:58.2,62.4 3 0
github.com/rsmaxwell/players-api/httphandler/postMove.go:31.16,35.3 3 0
github.com/rsmaxwell/players-api/httphandler/postMove.go:39.16,43.3 3 0
github.com/rsmaxwell/players-api/httphandler/postMove.go:46.20,50.3 3 0
github.com/rsmaxwell/players-api/httphandler/postMove.go:53.16,56.3 2 0
github.com/rsmaxwell/players-api/httphandler/updatePerson.go:20.73,24.16 3 0
github.com/rsmaxwell/players-api/httphandler/updatePerson.go:30.2,32.16 3 0
github.com/rsmaxwell/players-api/httphandler/updatePerson.go:38.2,39.20 2 0
github.com/rsmaxwell/players-api/httphandler/updatePerson.go:45.2,46.16 2 0
github.com/rsmaxwell/players-api/httphandler/updatePerson.go:51.2,52.40 2 0
github.com/rsmaxwell/players-api/httphandler/updatePerson.go:24.16,28.3 3 0
github.com/rsmaxwell/players-api/httphandler/updatePerson.go:32.16,36.3 3 0
github.com/rsmaxwell/players-api/httphandler/updatePerson.go:39.20,43.3 3 0
github.com/rsmaxwell/players-api/httphandler/updatePerson.go:46.16,49.3 2 0
github.com/rsmaxwell/players-api/httphandler/createCourt.go:27.61,31.16 3 1
github.com/rsmaxwell/players-api/httphandler/createCourt.go:37.2,39.16 3 1
github.com/rsmaxwell/players-api/httphandler/createCourt.go:45.2,46.20 2 1
github.com/rsmaxwell/players-api/httphandler/createCourt.go:53.2,54.16 2 1
github.com/rsmaxwell/players-api/httphandler/createCourt.go:59.2,59.59 1 1
github.com/rsmaxwell/players-api/httphandler/createCourt.go:66.2,66.47 1 1
github.com/rsmaxwell/players-api/httphandler/createCourt.go:86.2,87.16 2 1
github.com/rsmaxwell/players-api/httphandler/createCourt.go:92.2,96.4 3 1
github.com/rsmaxwell/players-api/httphandler/createCourt.go:31.16,35.3 3 0
github.com/rsmaxwell/players-api/httphandler/createCourt.go:39.16,43.3 3 0
github.com/rsmaxwell/players-api/httphandler/createCourt.go:46.20,50.3 3 1
github.com/rsmaxwell/players-api/httphandler/createCourt.go:54.16,57.3 2 0
github.com/rsmaxwell/players-api/httphandler/createCourt.go:59.59,63.3 3 0
github.com/rsmaxwell/players-api/httphandler/createCourt.go:66.47,68.17 2 0
github.com/rsmaxwell/players-api/httphandler/createCourt.go:73.3,73.15 1 0
github.com/rsmaxwell/players-api/httphandler/createCourt.go:79.3,79.24 1 0
github.com/rsmaxwell/players-api/httphandler/createCourt.go:68.17,71.4 2 0
github.com/rsmaxwell/players-api/httphandler/createCourt.go:73.15,77.4 3 0
github.com/rsmaxwell/players-api/httphandler/createCourt.go:79.24,83.4 3 0
github.com/rsmaxwell/players-api/httphandler/createCourt.go:87.16,90.3 2 0
github.com/rsmaxwell/players-api/httphandler/deletePerson.go:19.73,23.16 3 1
github.com/rsmaxwell/players-api/httphandler/deletePerson.go:29.2,31.16 3 1
github.com/rsmaxwell/players-api/httphandler/deletePerson.go:37.2,38.20 2 1
github.com/rsmaxwell/players-api/httphandler/deletePerson.go:44.2,45.16 2 1
github.com/rsmaxwell/players-api/httphandler/deletePerson.go:50.2,51.31 2 1
github.com/rsmaxwell/players-api/httphandler/deletePerson.go:23.16,27.3 3 0
github.com/rsmaxwell/players-api/httphandler/deletePerson.go:31.16,35.3 3 0
github.com/rsmaxwell/players-api/httphandler/deletePerson.go:38.20,42.3 3 1
github.com/rsmaxwell/players-api/httphandler/deletePerson.go:45.16,48.3 2 1
github.com/rsmaxwell/players-api/httphandler/listCourts.go:24.60,28.16 3 1
github.com/rsmaxwell/players-api/httphandler/listCourts.go:34.2,36.16 3 1
github.com/rsmaxwell/players-api/httphandler/listCourts.go:42.2,43.20 2 1
github.com/rsmaxwell/players-api/httphandler/listCourts.go:49.2,50.16 2 1
github.com/rsmaxwell/players-api/httphandler/listCourts.go:55.2,59.4 3 1
github.com/rsmaxwell/players-api/httphandler/listCourts.go:28.16,32.3 3 0
github.com/rsmaxwell/players-api/httphandler/listCourts.go:36.16,40.3 3 0
github.com/rsmaxwell/players-api/httphandler/listCourts.go:43.20,47.3 3 1
github.com/rsmaxwell/players-api/httphandler/listCourts.go:50.16,53.3 2 0
github.com/rsmaxwell/players-api/httphandler/notFound.go:8.58,12.2 3 1
github.com/rsmaxwell/players-api/httphandler/postRegister.go:24.58,28.16 3 1
github.com/rsmaxwell/players-api/httphandler/postRegister.go:34.2,36.16 3 1
github.com/rsmaxwell/players-api/httphandler/postRegister.go:42.2,42.29 1 1
github.com/rsmaxwell/players-api/httphandler/postRegister.go:48.2,49.16 2 1
github.com/rsmaxwell/players-api/httphandler/postRegister.go:54.2,56.16 3 1
github.com/rsmaxwell/players-api/httphandler/postRegister.go:61.2,62.40 2 1
github.com/rsmaxwell/players-api/httphandler/postRegister.go:28.16,32.3 3 0
github.com/rsmaxwell/players-api/httphandler/postRegister.go:36.16,40.3 3 0
github.com/rsmaxwell/players-api/httphandler/postRegister.go:42.29,46.3 3 0
github.com/rsmaxwell/players-api/httphandler/postRegister.go:49.16,52.3 2 0
github.com/rsmaxwell/players-api/httphandler/postRegister.go:56.16,59.3 2 1
github.com/rsmaxwell/players-api/httphandler/deleteCourt.go:19.72,23.16 3 1
github.com/rsmaxwell/players-api/httphandler/deleteCourt.go:29.2,31.16 3 1
github.com/rsmaxwell/players-api/httphandler/deleteCourt.go:37.2,38.20 2 1
github.com/rsmaxwell/players-api/httphandler/deleteCourt.go:44.2,45.16 2 1
github.com/rsmaxwell/players-api/httphandler/deleteCourt.go:50.2,51.31 2 1
github.com/rsmaxwell/players-api/httphandler/deleteCourt.go:23.16,27.3 3 0
github.com/rsmaxwell/players-api/httphandler/deleteCourt.go:31.16,35.3 3 0
github.com/rsmaxwell/players-api/httphandler/deleteCourt.go:38.20,42.3 3 1
github.com/rsmaxwell/players-api/httphandler/deleteCourt.go:45.16,48.3 2 1
github.com/rsmaxwell/players-api/httphandler/getCourt.go:24.69,28.16 3 1
github.com/rsmaxwell/players-api/httphandler/getCourt.go:34.2,36.16 3 1
github.com/rsmaxwell/players-api/httphandler/getCourt.go:42.2,43.20 2 1
github.com/rsmaxwell/players-api/httphandler/getCourt.go:49.2,50.16 2 1
github.com/rsmaxwell/players-api/httphandler/getCourt.go:55.2,59.4 3 1
github.com/rsmaxwell/players-api/httphandler/getCourt.go:28.16,32.3 3 0
github.com/rsmaxwell/players-api/httphandler/getCourt.go:36.16,40.3 3 0
github.com/rsmaxwell/players-api/httphandler/getCourt.go:43.20,47.3 3 1
github.com/rsmaxwell/players-api/httphandler/getCourt.go:50.16,53.3 2 1
github.com/rsmaxwell/players-api/httphandler/getMetrics.go:27.60,31.16 3 1
github.com/rsmaxwell/players-api/httphandler/getMetrics.go:37.2,39.16 3 1
github.com/rsmaxwell/players-api/httphandler/getMetrics.go:44.2,45.20 2 1
github.com/rsmaxwell/players-api/httphandler/getMetrics.go:51.2,58.4 3 1
github.com/rsmaxwell/players-api/httphandler/getMetrics.go:31.16,35.3 3 0
github.com/rsmaxwell/players-api/httphandler/getMetrics.go:39.16,42.3 2 0
github.com/rsmaxwell/players-api/httphandler/getMetrics.go:45.20,49.3 3 1
github.com/rsmaxwell/players-api/httphandler/getPerson.go:24.70,28.16 3 1
github.com/rsmaxwell/players-api/httphandler/getPerson.go:34.2,36.16 3 1
github.com/rsmaxwell/players-api/httphandler/getPerson.go:42.2,43.20 2 1
github.com/rsmaxwell/players-api/httphandler/getPerson.go:49.2,50.16 2 1
github.com/rsmaxwell/players-api/httphandler/getPerson.go:54.2,54.19 1 1
github.com/rsmaxwell/players-api/httphandler/getPerson.go:60.2,64.4 3 1
github.com/rsmaxwell/players-api/httphandler/getPerson.go:28.16,32.3 3 0
github.com/rsmaxwell/players-api/httphandler/getPerson.go:36.16,40.3 3 0
github.com/rsmaxwell/players-api/httphandler/getPerson.go:43.20,47.3 3 1
github.com/rsmaxwell/players-api/httphandler/getPerson.go:50.16,53.3 2 1
github.com/rsmaxwell/players-api/httphandler/getPerson.go:54.19,58.3 3 0
github.com/rsmaxwell/players-api/httphandler/getQueue.go:24.58,28.16 3 1
github.com/rsmaxwell/players-api/httphandler/getQueue.go:34.2,36.16 3 1
github.com/rsmaxwell/players-api/httphandler/getQueue.go:42.2,43.20 2 1
github.com/rsmaxwell/players-api/httphandler/getQueue.go:49.2,50.16 2 1
github.com/rsmaxwell/players-api/httphandler/getQueue.go:55.2,59.4 3 1
github.com/rsmaxwell/players-api/httphandler/getQueue.go:28.16,32.3 3 0
github.com/rsmaxwell/players-api/httphandler/getQueue.go:36.16,40.3 3 0
github.com/rsmaxwell/players-api/httphandler/getQueue.go:43.20,47.3 3 1
github.com/rsmaxwell/players-api/httphandler/getQueue.go:50.16,53.3 2 0
