mode: atomic
github.com/rsmaxwell/players-api/main.go:57.82,65.2 4 9
github.com/rsmaxwell/players-api/main.go:67.60,68.75 1 6
github.com/rsmaxwell/players-api/main.go:68.75,74.3 4 0
github.com/rsmaxwell/players-api/main.go:78.73,81.28 2 2
github.com/rsmaxwell/players-api/main.go:81.28,86.3 4 1
github.com/rsmaxwell/players-api/main.go:88.2,89.16 2 1
github.com/rsmaxwell/players-api/main.go:89.16,93.3 3 0
github.com/rsmaxwell/players-api/main.go:95.2,100.38 3 1
github.com/rsmaxwell/players-api/main.go:100.38,102.3 1 0
github.com/rsmaxwell/players-api/main.go:104.2,107.4 2 1
github.com/rsmaxwell/players-api/main.go:111.78,114.28 2 2
github.com/rsmaxwell/players-api/main.go:114.28,119.3 4 1
github.com/rsmaxwell/players-api/main.go:121.2,122.16 2 1
github.com/rsmaxwell/players-api/main.go:122.16,126.3 3 0
github.com/rsmaxwell/players-api/main.go:128.2,131.38 2 1
github.com/rsmaxwell/players-api/main.go:131.38,133.3 1 0
github.com/rsmaxwell/players-api/main.go:135.2,138.4 2 1
github.com/rsmaxwell/players-api/main.go:142.96,145.28 2 2
github.com/rsmaxwell/players-api/main.go:145.28,150.3 4 1
github.com/rsmaxwell/players-api/main.go:152.2,153.16 2 1
github.com/rsmaxwell/players-api/main.go:153.16,157.3 3 0
github.com/rsmaxwell/players-api/main.go:159.2,161.16 2 1
github.com/rsmaxwell/players-api/main.go:161.16,165.3 3 0
github.com/rsmaxwell/players-api/main.go:167.2,170.38 2 1
github.com/rsmaxwell/players-api/main.go:170.38,172.3 1 0
github.com/rsmaxwell/players-api/main.go:174.2,177.4 2 1
github.com/rsmaxwell/players-api/main.go:181.76,184.28 2 2
github.com/rsmaxwell/players-api/main.go:184.28,189.3 4 1
github.com/rsmaxwell/players-api/main.go:191.2,195.16 4 1
github.com/rsmaxwell/players-api/main.go:195.16,199.3 3 0
github.com/rsmaxwell/players-api/main.go:201.2,202.16 2 1
github.com/rsmaxwell/players-api/main.go:202.16,206.3 3 0
github.com/rsmaxwell/players-api/main.go:208.2,209.16 2 1
github.com/rsmaxwell/players-api/main.go:209.16,213.3 3 0
github.com/rsmaxwell/players-api/main.go:215.2,218.38 2 1
github.com/rsmaxwell/players-api/main.go:218.38,220.3 1 0
github.com/rsmaxwell/players-api/main.go:222.2,222.47 1 1
github.com/rsmaxwell/players-api/main.go:226.92,229.28 2 2
github.com/rsmaxwell/players-api/main.go:229.28,234.3 4 1
github.com/rsmaxwell/players-api/main.go:237.2,238.16 2 1
github.com/rsmaxwell/players-api/main.go:238.16,243.3 4 0
github.com/rsmaxwell/players-api/main.go:245.2,250.38 3 1
github.com/rsmaxwell/players-api/main.go:250.38,252.3 1 0
github.com/rsmaxwell/players-api/main.go:254.2,254.47 1 1
github.com/rsmaxwell/players-api/main.go:258.73,261.28 2 2
github.com/rsmaxwell/players-api/main.go:261.28,266.3 4 1
github.com/rsmaxwell/players-api/main.go:268.2,271.38 2 1
github.com/rsmaxwell/players-api/main.go:271.38,273.3 1 0
github.com/rsmaxwell/players-api/main.go:275.2,281.4 2 1
github.com/rsmaxwell/players-api/main.go:285.35,289.50 1 12
github.com/rsmaxwell/players-api/main.go:289.50,291.4 1 2
github.com/rsmaxwell/players-api/main.go:294.2,295.50 1 12
github.com/rsmaxwell/players-api/main.go:295.50,297.4 1 2
github.com/rsmaxwell/players-api/main.go:300.2,301.50 1 12
github.com/rsmaxwell/players-api/main.go:301.50,303.4 1 2
github.com/rsmaxwell/players-api/main.go:306.2,307.50 1 12
github.com/rsmaxwell/players-api/main.go:307.50,309.4 1 2
github.com/rsmaxwell/players-api/main.go:312.2,313.50 1 12
github.com/rsmaxwell/players-api/main.go:313.50,315.4 1 2
github.com/rsmaxwell/players-api/main.go:318.2,319.50 1 12
github.com/rsmaxwell/players-api/main.go:319.50,321.4 1 2
github.com/rsmaxwell/players-api/main.go:324.2,325.50 1 12
github.com/rsmaxwell/players-api/main.go:325.50,328.4 2 0
github.com/rsmaxwell/players-api/main.go:332.34,337.36 3 14
github.com/rsmaxwell/players-api/main.go:337.36,339.3 1 7
github.com/rsmaxwell/players-api/main.go:340.2,340.14 1 7
github.com/rsmaxwell/players-api/main.go:343.13,349.9 4 0
github.com/rsmaxwell/players-api/main.go:349.9,351.3 1 0
github.com/rsmaxwell/players-api/main.go:353.2,354.9 2 0
github.com/rsmaxwell/players-api/main.go:354.9,356.3 1 0
github.com/rsmaxwell/players-api/main.go:358.2,359.9 2 0
github.com/rsmaxwell/players-api/main.go:359.9,361.3 1 0
github.com/rsmaxwell/players-api/main.go:362.2,363.16 2 0
github.com/rsmaxwell/players-api/main.go:363.16,365.3 1 0
github.com/rsmaxwell/players-api/main.go:367.2,374.16 7 0
github.com/rsmaxwell/players-api/main.go:374.16,376.3 1 0
github.com/rsmaxwell/players-api/main.go:378.2,378.33 1 0
github.com/rsmaxwell/players-api/players/people.go:34.23,36.31 2 1
github.com/rsmaxwell/players-api/players/people.go:36.31,38.3 1 0
github.com/rsmaxwell/players-api/players/people.go:38.3,38.36 1 1
github.com/rsmaxwell/players-api/players/people.go:38.36,40.3 1 0
github.com/rsmaxwell/players-api/players/people.go:41.2,41.23 1 1
github.com/rsmaxwell/players-api/players/people.go:44.13,48.34 2 1
github.com/rsmaxwell/players-api/players/people.go:48.34,50.3 1 0
github.com/rsmaxwell/players-api/players/people.go:50.3,52.3 1 1
github.com/rsmaxwell/players-api/players/people.go:54.2,58.65 4 1
github.com/rsmaxwell/players-api/players/people.go:61.39,63.16 2 13
github.com/rsmaxwell/players-api/players/people.go:63.16,65.3 1 0
github.com/rsmaxwell/players-api/players/people.go:66.2,68.16 3 13
github.com/rsmaxwell/players-api/players/people.go:68.16,70.3 1 0
github.com/rsmaxwell/players-api/players/people.go:71.2,71.29 1 13
github.com/rsmaxwell/players-api/players/people.go:71.29,73.17 2 25
github.com/rsmaxwell/players-api/players/people.go:73.17,75.4 1 0
github.com/rsmaxwell/players-api/players/people.go:77.2,77.12 1 13
github.com/rsmaxwell/players-api/players/people.go:81.36,84.16 2 78
github.com/rsmaxwell/players-api/players/people.go:84.16,86.17 2 13
github.com/rsmaxwell/players-api/players/people.go:86.17,88.4 1 0
github.com/rsmaxwell/players-api/players/people.go:91.2,92.16 2 78
github.com/rsmaxwell/players-api/players/people.go:92.16,94.17 2 13
github.com/rsmaxwell/players-api/players/people.go:94.17,96.4 1 0
github.com/rsmaxwell/players-api/players/people.go:99.2,99.12 1 78
github.com/rsmaxwell/players-api/players/people.go:103.36,107.16 3 14
github.com/rsmaxwell/players-api/players/people.go:107.16,109.17 2 13
github.com/rsmaxwell/players-api/players/people.go:109.17,111.4 1 0
github.com/rsmaxwell/players-api/players/people.go:113.3,113.29 1 13
github.com/rsmaxwell/players-api/players/people.go:116.2,116.12 1 14
github.com/rsmaxwell/players-api/players/people.go:120.44,123.59 2 33
github.com/rsmaxwell/players-api/players/people.go:123.59,126.17 2 10
github.com/rsmaxwell/players-api/players/people.go:126.17,128.4 1 0
github.com/rsmaxwell/players-api/players/people.go:130.3,132.17 3 10
github.com/rsmaxwell/players-api/players/people.go:132.17,134.4 1 0
github.com/rsmaxwell/players-api/players/people.go:136.3,137.17 2 10
github.com/rsmaxwell/players-api/players/people.go:137.17,139.4 1 0
github.com/rsmaxwell/players-api/players/people.go:142.2,143.16 2 33
github.com/rsmaxwell/players-api/players/people.go:143.16,145.3 1 1
github.com/rsmaxwell/players-api/players/people.go:147.2,149.16 3 32
github.com/rsmaxwell/players-api/players/people.go:149.16,151.3 1 2
github.com/rsmaxwell/players-api/players/people.go:153.2,153.16 1 30
github.com/rsmaxwell/players-api/players/people.go:157.46,161.16 2 22
github.com/rsmaxwell/players-api/players/people.go:161.16,163.3 1 0
github.com/rsmaxwell/players-api/players/people.go:166.2,167.16 2 21
github.com/rsmaxwell/players-api/players/people.go:167.16,169.3 1 0
github.com/rsmaxwell/players-api/players/people.go:171.2,173.16 3 21
github.com/rsmaxwell/players-api/players/people.go:173.16,175.3 1 0
github.com/rsmaxwell/players-api/players/people.go:177.2,182.16 4 21
github.com/rsmaxwell/players-api/players/people.go:182.16,184.3 1 0
github.com/rsmaxwell/players-api/players/people.go:186.2,187.16 2 21
github.com/rsmaxwell/players-api/players/people.go:187.16,189.3 1 0
github.com/rsmaxwell/players-api/players/people.go:191.2,191.23 1 21
github.com/rsmaxwell/players-api/players/people.go:195.46,199.2 3 10
github.com/rsmaxwell/players-api/players/people.go:202.37,205.16 2 10
github.com/rsmaxwell/players-api/players/people.go:205.16,208.3 2 0
github.com/rsmaxwell/players-api/players/people.go:210.2,211.16 2 10
github.com/rsmaxwell/players-api/players/people.go:211.16,214.3 2 0
github.com/rsmaxwell/players-api/players/people.go:216.2,217.16 2 10
github.com/rsmaxwell/players-api/players/people.go:217.16,220.3 2 0
github.com/rsmaxwell/players-api/players/people.go:222.2,223.16 2 10
github.com/rsmaxwell/players-api/players/people.go:223.16,225.3 1 0
github.com/rsmaxwell/players-api/players/people.go:227.2,229.16 3 10
github.com/rsmaxwell/players-api/players/people.go:229.16,232.3 2 0
github.com/rsmaxwell/players-api/players/people.go:234.2,234.12 1 10
github.com/rsmaxwell/players-api/players/people.go:238.28,241.16 2 8
github.com/rsmaxwell/players-api/players/people.go:241.16,244.3 2 0
github.com/rsmaxwell/players-api/players/people.go:246.2,247.16 2 8
github.com/rsmaxwell/players-api/players/people.go:247.16,250.3 2 0
github.com/rsmaxwell/players-api/players/people.go:252.2,253.37 2 8
github.com/rsmaxwell/players-api/players/people.go:253.37,260.17 5 14
github.com/rsmaxwell/players-api/players/people.go:260.17,262.4 1 2
github.com/rsmaxwell/players-api/players/people.go:264.3,264.26 1 14
github.com/rsmaxwell/players-api/players/people.go:267.2,267.18 1 8
github.com/rsmaxwell/players-api/players/people.go:271.39,274.16 2 27
github.com/rsmaxwell/players-api/players/people.go:274.16,277.3 2 0
github.com/rsmaxwell/players-api/players/people.go:279.2,280.55 2 27
github.com/rsmaxwell/players-api/players/people.go:280.55,283.3 2 1
github.com/rsmaxwell/players-api/players/people.go:285.2,286.16 2 26
github.com/rsmaxwell/players-api/players/people.go:286.16,289.3 2 0
github.com/rsmaxwell/players-api/players/people.go:291.2,293.16 3 26
github.com/rsmaxwell/players-api/players/people.go:293.16,296.3 2 1
github.com/rsmaxwell/players-api/players/people.go:297.2,297.16 1 25
github.com/rsmaxwell/players-api/players/people.go:301.27,304.16 2 6
github.com/rsmaxwell/players-api/players/people.go:304.16,307.3 2 0
github.com/rsmaxwell/players-api/players/people.go:309.2,311.16 3 6
github.com/rsmaxwell/players-api/players/people.go:311.16,314.3 2 1
github.com/rsmaxwell/players-api/players/people.go:316.2,317.16 2 5
github.com/rsmaxwell/players-api/players/people.go:317.16,320.3 2 0
github.com/rsmaxwell/players-api/players/people.go:322.2,322.12 1 5
github.com/rsmaxwell/players-api/players/people.go:326.35,329.16 2 5
github.com/rsmaxwell/players-api/players/people.go:329.16,331.3 1 0
github.com/rsmaxwell/players-api/players/people.go:333.2,334.16 2 5
github.com/rsmaxwell/players-api/players/people.go:334.16,336.3 1 0
github.com/rsmaxwell/players-api/players/people.go:338.2,339.16 2 5
github.com/rsmaxwell/players-api/players/people.go:339.16,341.3 1 0
github.com/rsmaxwell/players-api/players/people.go:343.2,343.32 1 5
github.com/rsmaxwell/players-api/players/people.go:343.32,345.17 2 4
github.com/rsmaxwell/players-api/players/people.go:345.17,347.4 1 0
github.com/rsmaxwell/players-api/players/people.go:349.3,350.17 2 4
github.com/rsmaxwell/players-api/players/people.go:350.17,352.4 1 0
github.com/rsmaxwell/players-api/players/people.go:355.2,355.12 1 5
