mode: set
github.com/rsmaxwell/players-api/main.go:19.35,22.50 1 1
github.com/rsmaxwell/players-api/main.go:26.2,27.50 1 1
github.com/rsmaxwell/players-api/main.go:31.2,32.50 1 1
github.com/rsmaxwell/players-api/main.go:36.2,37.50 1 1
github.com/rsmaxwell/players-api/main.go:41.2,42.50 1 1
github.com/rsmaxwell/players-api/main.go:46.2,47.50 1 1
github.com/rsmaxwell/players-api/main.go:51.2,52.50 1 1
github.com/rsmaxwell/players-api/main.go:56.2,57.50 1 1
github.com/rsmaxwell/players-api/main.go:61.2,62.50 1 1
github.com/rsmaxwell/players-api/main.go:66.2,67.50 1 1
github.com/rsmaxwell/players-api/main.go:71.2,72.50 1 1
github.com/rsmaxwell/players-api/main.go:76.2,77.50 1 1
github.com/rsmaxwell/players-api/main.go:81.2,82.50 1 1
github.com/rsmaxwell/players-api/main.go:22.50,24.4 1 1
github.com/rsmaxwell/players-api/main.go:27.50,29.4 1 1
github.com/rsmaxwell/players-api/main.go:32.50,34.4 1 1
github.com/rsmaxwell/players-api/main.go:37.50,39.4 1 1
github.com/rsmaxwell/players-api/main.go:42.50,44.4 1 1
github.com/rsmaxwell/players-api/main.go:47.50,49.4 1 0
github.com/rsmaxwell/players-api/main.go:52.50,54.4 1 1
github.com/rsmaxwell/players-api/main.go:57.50,59.4 1 1
github.com/rsmaxwell/players-api/main.go:62.50,64.4 1 1
github.com/rsmaxwell/players-api/main.go:67.50,69.4 1 0
github.com/rsmaxwell/players-api/main.go:72.50,74.4 1 1
github.com/rsmaxwell/players-api/main.go:77.50,79.4 1 1
github.com/rsmaxwell/players-api/main.go:82.50,84.4 1 0
github.com/rsmaxwell/players-api/main.go:87.13,93.9 4 0
github.com/rsmaxwell/players-api/main.go:96.2,97.16 2 0
github.com/rsmaxwell/players-api/main.go:101.2,107.16 6 0
github.com/rsmaxwell/players-api/main.go:111.2,111.33 1 0
github.com/rsmaxwell/players-api/main.go:93.9,95.3 1 0
github.com/rsmaxwell/players-api/main.go:97.16,99.3 1 0
github.com/rsmaxwell/players-api/main.go:107.16,109.3 1 0
